C:\Program Files\Microsoft Visual Studio\2022\Community\MSBuild\Microsoft\VC\v170\Microsoft.CppBuild.targets(514,5): warning MSB8028: промежуточный каталог (Debug\) содержит файлы, которые используются совместно с другим проектом (LR10C.vcxproj, Lr9C.vcxproj).  Это может привести к ошибкам очистки и перестроения.
  LR11.cpp
E:\Учеба универ\А и П\11-я лаба\Lr9C\Lr9C\LR11.cpp(1,32): warning C4081: требуется "newline"; обнаружен ";"
E:\Учеба универ\А и П\11-я лаба\Lr9C\Lr9C\LR11.cpp(2,10): warning C4067: непредвиденные лексемы за директивой препроцессора, требуется newline
E:\Учеба универ\А и П\Biblis\VicMenuDLL\VicMenuDLL\VicMenuDLL.cpp(62,31): warning C4013: PrintMenuWithTable: нет определения; предполагается "extern" с возвратом типа "int"
E:\Учеба универ\А и П\11-я лаба\Lr9C\Lr9C\LR11.cpp(231,34): warning C4090: функция: разные квалификаторы "const"
E:\Учеба универ\А и П\11-я лаба\Lr9C\Lr9C\LR11.cpp(308,34): warning C4047: функция: "float *" отличается по уровням косвенного обращения от "float (*)[4]"
E:\Учеба универ\А и П\11-я лаба\Lr9C\Lr9C\LR11.cpp(308,29): warning C4024: getSerArefm: различные типы для формального и фактического параметров 2
E:\Учеба универ\А и П\11-я лаба\Lr9C\Lr9C\LR11.cpp(404,27): warning C4047: =: "int" отличается по уровням косвенного обращения от "void *"
E:\Учеба универ\А и П\11-я лаба\Lr9C\Lr9C\LR11.cpp(404,48): warning C4047: =: "int" отличается по уровням косвенного обращения от "void *"
E:\Учеба универ\А и П\11-я лаба\Lr9C\Lr9C\LR11.cpp(411,44): warning C4047: функция: "char **" отличается по уровням косвенного обращения от "char **[2]"
E:\Учеба универ\А и П\11-я лаба\Lr9C\Lr9C\LR11.cpp(411,40): warning C4024: PrintMenuWithTable: различные типы для формального и фактического параметров 1
E:\Учеба универ\А и П\11-я лаба\Lr9C\Lr9C\LR11.cpp(411,71): warning C4133: функция: несовместимые типы - из "void (__cdecl *)(STudent *,int)" в "int (__cdecl *)(void *,int)"
E:\Учеба универ\А и П\11-я лаба\Lr9C\Lr9C\LR11.cpp(414,28): warning C4047: =: "int" отличается по уровням косвенного обращения от "void *"
E:\Учеба универ\А и П\11-я лаба\Lr9C\Lr9C\LR11.cpp(414,49): warning C4047: =: "int" отличается по уровням косвенного обращения от "void *"
E:\Учеба универ\А и П\11-я лаба\Lr9C\Lr9C\LR11.cpp(424,31): warning C4047: функция: "char **" отличается по уровням косвенного обращения от "char **[2]"
E:\Учеба универ\А и П\11-я лаба\Lr9C\Lr9C\LR11.cpp(424,27): warning C4024: PrintMenu: различные типы для формального и фактического параметров 1
E:\Учеба универ\А и П\11-я лаба\Lr9C\Lr9C\LR11.cpp(405,1): warning C4047: инициализация: "char **" отличается по уровням косвенного обращения от "char [16]"
E:\Учеба универ\А и П\11-я лаба\Lr9C\Lr9C\LR11.cpp(405,1): warning C4047: инициализация: "char **" отличается по уровням косвенного обращения от "char [6]"
E:\Учеба универ\А и П\11-я лаба\Lr9C\Lr9C\LR11.cpp(559,22): warning C4047: !=: "int" отличается по уровням косвенного обращения от "void *"
E:\Учеба универ\А и П\11-я лаба\Lr9C\Lr9C\LR11.cpp(559,48): warning C4047: !=: "int" отличается по уровням косвенного обращения от "void *"
E:\Учеба универ\А и П\11-я лаба\Lr9C\Lr9C\LR11.cpp(785,33): warning C4047: =: "int" отличается по уровням косвенного обращения от "void *"
E:\Учеба универ\А и П\11-я лаба\Lr9C\Lr9C\LR11.cpp(785,54): warning C4047: =: "int" отличается по уровням косвенного обращения от "void *"
E:\Учеба универ\А и П\11-я лаба\Lr9C\Lr9C\LR11.cpp(789,26): warning C4047: !=: "int" отличается по уровням косвенного обращения от "void *"
E:\Учеба универ\А и П\11-я лаба\Lr9C\Lr9C\LR11.cpp(789,51): warning C4047: !=: "int" отличается по уровням косвенного обращения от "void *"
E:\Учеба универ\А и П\11-я лаба\Lr9C\Lr9C\LR11.cpp(791,46): warning C4047: функция: "char **" отличается по уровням косвенного обращения от "char **[4]"
E:\Учеба универ\А и П\11-я лаба\Lr9C\Lr9C\LR11.cpp(791,41): warning C4024: PrintMenuWithTable: различные типы для формального и фактического параметров 1
E:\Учеба универ\А и П\11-я лаба\Lr9C\Lr9C\LR11.cpp(791,73): warning C4133: функция: несовместимые типы - из "void (__cdecl *)(STudent *,int)" в "int (__cdecl *)(void *,int)"
E:\Учеба универ\А и П\11-я лаба\Lr9C\Lr9C\LR11.cpp(793,38): warning C4047: функция: "char **" отличается по уровням косвенного обращения от "char **[2]"
E:\Учеба универ\А и П\11-я лаба\Lr9C\Lr9C\LR11.cpp(793,33): warning C4024: PrintMenu: различные типы для формального и фактического параметров 1
E:\Учеба универ\А и П\11-я лаба\Lr9C\Lr9C\LR11.cpp(827,28): warning C4047: =: "int" отличается по уровням косвенного обращения от "void *"
E:\Учеба универ\А и П\11-я лаба\Lr9C\Lr9C\LR11.cpp(827,49): warning C4047: =: "int" отличается по уровням косвенного обращения от "void *"
E:\Учеба универ\А и П\11-я лаба\Lr9C\Lr9C\LR11.cpp(782,1): warning C4047: инициализация: "char **" отличается по уровням косвенного обращения от "char [16]"
E:\Учеба универ\А и П\11-я лаба\Lr9C\Lr9C\LR11.cpp(782,1): warning C4047: инициализация: "char **" отличается по уровням косвенного обращения от "char [21]"
E:\Учеба универ\А и П\11-я лаба\Lr9C\Lr9C\LR11.cpp(782,1): warning C4047: инициализация: "char **" отличается по уровням косвенного обращения от "char [14]"
E:\Учеба универ\А и П\11-я лаба\Lr9C\Lr9C\LR11.cpp(782,1): warning C4047: инициализация: "char **" отличается по уровням косвенного обращения от "char [10]"
E:\Учеба универ\А и П\11-я лаба\Lr9C\Lr9C\LR11.cpp(783,1): warning C4047: инициализация: "char **" отличается по уровням косвенного обращения от "char [16]"
E:\Учеба универ\А и П\11-я лаба\Lr9C\Lr9C\LR11.cpp(783,1): warning C4047: инициализация: "char **" отличается по уровням косвенного обращения от "char [21]"
E:\Учеба универ\А и П\11-я лаба\Lr9C\Lr9C\LR11.cpp(760): warning C4716: printBorder: должна возвращать значение
E:\Учеба универ\А и П\11-я лаба\Lr9C\Lr9C\LR11.cpp(768): warning C4716: printTable: должна возвращать значение
  Lr9C.vcxproj -> E:\Учеба универ\А и П\11-я лаба\Lr9C\Debug\LR11.exe
