  LR10C.cpp
E:\Учеба универ\А и П\10-я лаба\Lr9C\Lr9C\LR10C.cpp(1,33): warning C4081: требуется "newline"; обнаружен ";"
E:\Учеба универ\А и П\10-я лаба\Lr9C\Lr9C\LR10C.cpp(2,33): warning C4081: требуется "newline"; обнаружен ";"
E:\Учеба универ\А и П\10-я лаба\Lr9C\Lr9C\LR10C.cpp(9,10): warning C4067: непредвиденные лексемы за директивой препроцессора, требуется newline
C:\Users\Виктор\source\repos\VicMenuDLL\VicMenuDLL\VicMenuDLL.cpp(3,33): warning C4081: требуется "newline"; обнаружен ";"
C:\Users\Виктор\source\repos\VicMenuDLL\VicMenuDLL\VicMenuDLL.cpp(56,12): error C3861: PrintMenuWithTable: идентификатор не найден
E:\Учеба универ\А и П\10-я лаба\Lr9C\Lr9C\LR10C.cpp(11,1): warning C4005: clear: изменение макроопределения
C:\Users\Виктор\source\repos\VicMenuDLL\VicMenuDLL\VicMenuDLL.cpp(10): message : см. предыдущее определение "clear"
E:\Учеба универ\А и П\10-я лаба\Lr9C\Lr9C\LR10C.cpp(89,57): error C2664: "int PrintMenu(char **,int *,int,int)": невозможно преобразовать аргумент 1 из "const char *[10]" в "char **"
E:\Учеба универ\А и П\10-я лаба\Lr9C\Lr9C\LR10C.cpp(89,30): message : В результате преобразования теряются квалификаторы
C:\Users\Виктор\source\repos\VicMenuDLL\VicMenuDLL\VicMenuDLL.cpp(54,5): message : см. объявление "PrintMenu"
E:\Учеба универ\А и П\10-я лаба\Lr9C\Lr9C\LR10C.cpp(111,23): error C2664: "int correctInfo(FILE *)": невозможно преобразовать аргумент 1 из "Person *" в "FILE *"
E:\Учеба универ\А и П\10-я лаба\Lr9C\Lr9C\LR10C.cpp(111,21): message : Типы, на которые указывают указатели, не связаны; для преобразования требуется reinterpret_cast, приведение в стиле С или приведение в стиле функции
E:\Учеба универ\А и П\10-я лаба\Lr9C\Lr9C\LR10C.cpp(57,5): message : см. объявление "correctInfo"
E:\Учеба универ\А и П\10-я лаба\Lr9C\Lr9C\LR10C.cpp(158,235): error C2440: инициализация: невозможно преобразовать "const char [4]" в "char *"
E:\Учеба универ\А и П\10-я лаба\Lr9C\Lr9C\LR10C.cpp(158,31): message : При преобразовании из строкового литерала теряется квалификатор (см. /Zc:strictStrings)
E:\Учеба универ\А и П\10-я лаба\Lr9C\Lr9C\LR10C.cpp(158,235): error C2440: инициализация: невозможно преобразовать "const char [5]" в "char *"
E:\Учеба универ\А и П\10-я лаба\Lr9C\Lr9C\LR10C.cpp(158,39): message : При преобразовании из строкового литерала теряется квалификатор (см. /Zc:strictStrings)
E:\Учеба универ\А и П\10-я лаба\Lr9C\Lr9C\LR10C.cpp(158,235): error C2440: инициализация: невозможно преобразовать "const char [10]" в "char *"
E:\Учеба универ\А и П\10-я лаба\Lr9C\Lr9C\LR10C.cpp(158,46): message : При преобразовании из строкового литерала теряется квалификатор (см. /Zc:strictStrings)
E:\Учеба универ\А и П\10-я лаба\Lr9C\Lr9C\LR10C.cpp(158,235): error C2440: инициализация: невозможно преобразовать "const char [6]" в "char *"
E:\Учеба универ\А и П\10-я лаба\Lr9C\Lr9C\LR10C.cpp(158,65): message : При преобразовании из строкового литерала теряется квалификатор (см. /Zc:strictStrings)
E:\Учеба универ\А и П\10-я лаба\Lr9C\Lr9C\LR10C.cpp(158,235): error C2440: инициализация: невозможно преобразовать "const char [15]" в "char *"
E:\Учеба универ\А и П\10-я лаба\Lr9C\Lr9C\LR10C.cpp(158,76): message : При преобразовании из строкового литерала теряется квалификатор (см. /Zc:strictStrings)
E:\Учеба универ\А и П\10-я лаба\Lr9C\Lr9C\LR10C.cpp(158,235): error C2440: инициализация: невозможно преобразовать "const char [18]" в "char *"
E:\Учеба универ\А и П\10-я лаба\Lr9C\Lr9C\LR10C.cpp(158,104): message : При преобразовании из строкового литерала теряется квалификатор (см. /Zc:strictStrings)
E:\Учеба универ\А и П\10-я лаба\Lr9C\Lr9C\LR10C.cpp(158,235): error C2440: инициализация: невозможно преобразовать "const char [9]" в "char *"
E:\Учеба универ\А и П\10-я лаба\Lr9C\Lr9C\LR10C.cpp(158,138): message : При преобразовании из строкового литерала теряется квалификатор (см. /Zc:strictStrings)
E:\Учеба универ\А и П\10-я лаба\Lr9C\Lr9C\LR10C.cpp(158,235): error C2440: инициализация: невозможно преобразовать "const char [13]" в "char *"
E:\Учеба универ\А и П\10-я лаба\Lr9C\Lr9C\LR10C.cpp(158,155): message : При преобразовании из строкового литерала теряется квалификатор (см. /Zc:strictStrings)
E:\Учеба универ\А и П\10-я лаба\Lr9C\Lr9C\LR10C.cpp(158,235): error C2440: инициализация: невозможно преобразовать "const char [19]" в "char *"
E:\Учеба универ\А и П\10-я лаба\Lr9C\Lr9C\LR10C.cpp(158,180): message : При преобразовании из строкового литерала теряется квалификатор (см. /Zc:strictStrings)
E:\Учеба универ\А и П\10-я лаба\Lr9C\Lr9C\LR10C.cpp(277,68): error C2440: инициализация: невозможно преобразовать "const char [16]" в "char **"
E:\Учеба универ\А и П\10-я лаба\Lr9C\Lr9C\LR10C.cpp(277,23): message : Типы, на которые указывают указатели, не связаны; для преобразования требуется reinterpret_cast, приведение в стиле С или приведение в стиле функции
E:\Учеба универ\А и П\10-я лаба\Lr9C\Lr9C\LR10C.cpp(277,68): error C2440: инициализация: невозможно преобразовать "const char [6]" в "char **"
E:\Учеба универ\А и П\10-я лаба\Lr9C\Lr9C\LR10C.cpp(277,55): message : Типы, на которые указывают указатели, не связаны; для преобразования требуется reinterpret_cast, приведение в стиле С или приведение в стиле функции
E:\Учеба универ\А и П\10-я лаба\Lr9C\Lr9C\LR10C.cpp(283,20): error C2664: "int PrintMenuWithTable(char **,int *,int,int,int (__cdecl *)(void *,int),void *,int)": невозможно преобразовать аргумент 1 из "char **[2]" в "char **"
E:\Учеба универ\А и П\10-я лаба\Lr9C\Lr9C\LR10C.cpp(283,40): message : Типы, на которые указывают указатели, не связаны; для преобразования требуется reinterpret_cast, приведение в стиле С или приведение в стиле функции
C:\Users\Виктор\source\repos\VicMenuDLL\VicMenuDLL\VicMenuDLL.cpp(70,5): message : см. объявление "PrintMenuWithTable"
E:\Учеба универ\А и П\10-я лаба\Lr9C\Lr9C\LR10C.cpp(295,16): error C2664: "int PrintMenu(char **,int *,int,int)": невозможно преобразовать аргумент 1 из "char **[2]" в "char **"
E:\Учеба универ\А и П\10-я лаба\Lr9C\Lr9C\LR10C.cpp(295,27): message : Типы, на которые указывают указатели, не связаны; для преобразования требуется reinterpret_cast, приведение в стиле С или приведение в стиле функции
C:\Users\Виктор\source\repos\VicMenuDLL\VicMenuDLL\VicMenuDLL.cpp(54,5): message : см. объявление "PrintMenu"
E:\Учеба универ\А и П\10-я лаба\Lr9C\Lr9C\LR10C.cpp(356,146): error C2440: инициализация: невозможно преобразовать "const char [16]" в "char **"
E:\Учеба универ\А и П\10-я лаба\Lr9C\Lr9C\LR10C.cpp(356,24): message : Типы, на которые указывают указатели, не связаны; для преобразования требуется reinterpret_cast, приведение в стиле С или приведение в стиле функции
E:\Учеба универ\А и П\10-я лаба\Lr9C\Lr9C\LR10C.cpp(356,146): error C2440: инициализация: невозможно преобразовать "const char [21]" в "char **"
E:\Учеба универ\А и П\10-я лаба\Lr9C\Lr9C\LR10C.cpp(356,55): message : Типы, на которые указывают указатели, не связаны; для преобразования требуется reinterpret_cast, приведение в стиле С или приведение в стиле функции
E:\Учеба универ\А и П\10-я лаба\Lr9C\Lr9C\LR10C.cpp(356,146): error C2440: инициализация: невозможно преобразовать "const char [14]" в "char **"
E:\Учеба универ\А и П\10-я лаба\Lr9C\Lr9C\LR10C.cpp(356,96): message : Типы, на которые указывают указатели, не связаны; для преобразования требуется reinterpret_cast, приведение в стиле С или приведение в стиле функции
E:\Учеба универ\А и П\10-я лаба\Lr9C\Lr9C\LR10C.cpp(356,146): error C2440: инициализация: невозможно преобразовать "const char [10]" в "char **"
E:\Учеба универ\А и П\10-я лаба\Lr9C\Lr9C\LR10C.cpp(356,125): message : Типы, на которые указывают указатели, не связаны; для преобразования требуется reinterpret_cast, приведение в стиле С или приведение в стиле функции
E:\Учеба универ\А и П\10-я лаба\Lr9C\Lr9C\LR10C.cpp(357,95): error C2440: инициализация: невозможно преобразовать "const char [16]" в "char **"
E:\Учеба универ\А и П\10-я лаба\Lr9C\Lr9C\LR10C.cpp(357,24): message : Типы, на которые указывают указатели, не связаны; для преобразования требуется reinterpret_cast, приведение в стиле С или приведение в стиле функции
E:\Учеба универ\А и П\10-я лаба\Lr9C\Lr9C\LR10C.cpp(357,95): error C2440: инициализация: невозможно преобразовать "const char [21]" в "char **"
E:\Учеба универ\А и П\10-я лаба\Lr9C\Lr9C\LR10C.cpp(357,55): message : Типы, на которые указывают указатели, не связаны; для преобразования требуется reinterpret_cast, приведение в стиле С или приведение в стиле функции
E:\Учеба универ\А и П\10-я лаба\Lr9C\Lr9C\LR10C.cpp(370,77): error C2664: "int PrintMenuWithTable(char **,int *,int,int,int (__cdecl *)(void *,int),void *,int)": невозможно преобразовать аргумент 1 из "char **[4]" в "char **"
E:\Учеба универ\А и П\10-я лаба\Lr9C\Lr9C\LR10C.cpp(370,41): message : Типы, на которые указывают указатели, не связаны; для преобразования требуется reinterpret_cast, приведение в стиле С или приведение в стиле функции
C:\Users\Виктор\source\repos\VicMenuDLL\VicMenuDLL\VicMenuDLL.cpp(70,5): message : см. объявление "PrintMenuWithTable"
E:\Учеба универ\А и П\10-я лаба\Lr9C\Lr9C\LR10C.cpp(371,56): error C2664: "int PrintMenu(char **,int *,int,int)": невозможно преобразовать аргумент 1 из "char **[2]" в "char **"
E:\Учеба универ\А и П\10-я лаба\Lr9C\Lr9C\LR10C.cpp(371,35): message : Типы, на которые указывают указатели, не связаны; для преобразования требуется reinterpret_cast, приведение в стиле С или приведение в стиле функции
C:\Users\Виктор\source\repos\VicMenuDLL\VicMenuDLL\VicMenuDLL.cpp(54,5): message : см. объявление "PrintMenu"
